<?xml version="1.0" encoding="UTF-8"?>
<testsuite name="oop.project.research.scenarios.CommandScenariosTests" tests="21" skipped="0" failures="0" errors="0" timestamp="2026-04-03T16:00:08.497Z" hostname="COLE_LAPTOP" time="0.246">
  <properties/>
  <testcase name="[1] Positives, div --left 1.0 --right 2.0&#10;, {left=1.0, right=2.0}" classname="oop.project.research.scenarios.CommandScenariosTests" time="0.112"/>
  <testcase name="[2] Negative Integer, div --left 1.0 --right -2&#10;, {left=1.0, right=-2.0}" classname="oop.project.research.scenarios.CommandScenariosTests" time="0.003"/>
  <testcase name="[3] Negative Decimal (QUIRK), div --left 1.0 --right -2.0&#10;, null" classname="oop.project.research.scenarios.CommandScenariosTests" time="0.003"/>
  <testcase name="[1] Positives, mul 1 2&#10;, {left=1, right=2}" classname="oop.project.research.scenarios.CommandScenariosTests" time="0.003"/>
  <testcase name="[2] Negatives, mul -1 -2&#10;, {left=-1, right=-2}" classname="oop.project.research.scenarios.CommandScenariosTests" time="0.002"/>
  <testcase name="[3] Zeros, mul 0 0&#10;, {left=0, right=0}" classname="oop.project.research.scenarios.CommandScenariosTests" time="0.003"/>
  <testcase name="[4] Non-Numeric Left, mul one 2&#10;, null" classname="oop.project.research.scenarios.CommandScenariosTests" time="0.007"/>
  <testcase name="[5] Non-Numeric Right, mul 1 two&#10;, null" classname="oop.project.research.scenarios.CommandScenariosTests" time="0.001"/>
  <testcase name="[6] Non-Integer Left, mul 1.0 2&#10;, null" classname="oop.project.research.scenarios.CommandScenariosTests" time="0.002"/>
  <testcase name="[7] Non-Integer Right, mul 1 2.0&#10;, null" classname="oop.project.research.scenarios.CommandScenariosTests" time="0.004"/>
  <testcase name="[8] Missing Argument, mul 1&#10;, null" classname="oop.project.research.scenarios.CommandScenariosTests" time="0.003"/>
  <testcase name="[9] Extraneous Argument, mul 1 2 3&#10;, null" classname="oop.project.research.scenarios.CommandScenariosTests" time="0.003"/>
  <testcase name="[1] Default, echo&#10;, {message=echo,echo,echo...}" classname="oop.project.research.scenarios.CommandScenariosTests" time="0.003"/>
  <testcase name="[2] Message, echo message&#10;, {message=message}" classname="oop.project.research.scenarios.CommandScenariosTests" time="0.003"/>
  <testcase name="[1] Static Valid, dispatch static 1&#10;, {value=1, type=static}" classname="oop.project.research.scenarios.CommandScenariosTests" time="0.006"/>
  <testcase name="[2] Static Invalid, dispatch static one&#10;, null" classname="oop.project.research.scenarios.CommandScenariosTests" time="0.003"/>
  <testcase name="[3] Dynamic, dispatch dynamic one&#10;, {value=one, type=dynamic}" classname="oop.project.research.scenarios.CommandScenariosTests" time="0.003"/>
  <testcase name="[1] Lowercase, search apple&#10;, {term=apple, case-insensitive=false}" classname="oop.project.research.scenarios.CommandScenariosTests" time="0.003"/>
  <testcase name="[2] Case Insensitive, search ApPlE --case-insensitive&#10;, {term=ApPlE, case-insensitive=true}" classname="oop.project.research.scenarios.CommandScenariosTests" time="0.002"/>
  <testcase name="[3] Case Insensitive Value, search ApPlE --case-insensitive true&#10;, {term=ApPlE, case-insensitive=true}" classname="oop.project.research.scenarios.CommandScenariosTests" time="0.002"/>
  <testcase name="[4] Invalid Value, search Apple -i yes&#10;, null" classname="oop.project.research.scenarios.CommandScenariosTests" time="0.002"/>
  <system-out><![CDATA[]]></system-out>
  <system-err><![CDATA[]]></system-err>
</testsuite>
