<?xml version="1.0" encoding="UTF-8"?>
<testsuite name="oop.project.research.scenarios.ArgumentScenariosTests" tests="20" skipped="0" failures="0" errors="0" timestamp="2026-04-03T16:00:08.757Z" hostname="COLE_LAPTOP" time="0.111">
  <properties/>
  <testcase name="[1] Positives, add 1 2&#10;, {left=1, right=2}" classname="oop.project.research.scenarios.ArgumentScenariosTests" time="0.003"/>
  <testcase name="[2] Negatives, add -1 -2&#10;, {left=-1, right=-2}" classname="oop.project.research.scenarios.ArgumentScenariosTests" time="0.002"/>
  <testcase name="[3] Zeros, add 0 0&#10;, {left=0, right=0}" classname="oop.project.research.scenarios.ArgumentScenariosTests" time="0.002"/>
  <testcase name="[4] Non-Numeric Left, add one 2&#10;, null" classname="oop.project.research.scenarios.ArgumentScenariosTests" time="0.003"/>
  <testcase name="[5] Non-Numeric Right, add 1 two&#10;, null" classname="oop.project.research.scenarios.ArgumentScenariosTests" time="0.003"/>
  <testcase name="[6] Non-Integer Left, add 1.0 2&#10;, null" classname="oop.project.research.scenarios.ArgumentScenariosTests" time="0.003"/>
  <testcase name="[7] Non-Integer Right, add 1 2.0&#10;, null" classname="oop.project.research.scenarios.ArgumentScenariosTests" time="0.003"/>
  <testcase name="[8] Missing Argument, add 1&#10;, null" classname="oop.project.research.scenarios.ArgumentScenariosTests" time="0.002"/>
  <testcase name="[9] Extraneous Argument, add 1 2 3&#10;, null" classname="oop.project.research.scenarios.ArgumentScenariosTests" time="0.002"/>
  <testcase name="[1] Positives, sub 1.0 2.0&#10;, {left=1.0, right=2.0}" classname="oop.project.research.scenarios.ArgumentScenariosTests" time="0.002"/>
  <testcase name="[2] Negative Integer, sub 1.0 -2&#10;, {left=1.0, right=-2.0}" classname="oop.project.research.scenarios.ArgumentScenariosTests" time="0.003"/>
  <testcase name="[3] Negative Decimal (BUG), sub 1.0 -2.0&#10;, null" classname="oop.project.research.scenarios.ArgumentScenariosTests" time="0.004"/>
  <testcase name="[1] Valid, date 2024-10-23&#10;, {date=2024-10-23}" classname="oop.project.research.scenarios.ArgumentScenariosTests" time="0.005"/>
  <testcase name="[2] Invalid Month, date 2024-23-10&#10;, null" classname="oop.project.research.scenarios.ArgumentScenariosTests" time="0.002"/>
  <testcase name="[3] Leap Year, date 2024-02-29&#10;, {date=2024-02-29}" classname="oop.project.research.scenarios.ArgumentScenariosTests" time="0.003"/>
  <testcase name="[4] Invalid, date tuesday&#10;, null" classname="oop.project.research.scenarios.ArgumentScenariosTests" time="0.002"/>
  <testcase name="[1] Valid, fizzbuzz 15&#10;, {number=15}" classname="oop.project.research.scenarios.ArgumentScenariosTests" time="0.004"/>
  <testcase name="[2] Zero, fizzbuzz 0&#10;, null" classname="oop.project.research.scenarios.ArgumentScenariosTests" time="0.006"/>
  <testcase name="[1] Easy, difficulty easy&#10;, {difficulty=easy}" classname="oop.project.research.scenarios.ArgumentScenariosTests" time="0.002"/>
  <testcase name="[2] Hardcore, difficulty hardcore&#10;, null" classname="oop.project.research.scenarios.ArgumentScenariosTests" time="0.002"/>
  <system-out><![CDATA[]]></system-out>
  <system-err><![CDATA[]]></system-err>
</testsuite>
